<?xml version="1.0" encoding="UTF-8"?>
<!-- Generated by org.testng.reporters.JUnitReportReporter -->
<testsuite hostname="kishore-PC" failures="0" tests="1" name="testCases.CreateEmployee_TestCase" time="4.534" errors="0" timestamp="2023-07-21T20:20:02 IST" skipped="0">
  <testcase classname="testCases.CreateEmployee_TestCase" name="employee" time="4.534"/>
  <system-out/>
</testsuite> <!-- testCases.CreateEmployee_TestCase -->
