<?xml version="1.0" encoding="UTF-8"?>
<!-- Generated by org.testng.reporters.JUnitReportReporter -->
<testsuite hostname="kishore-PC" failures="0" tests="1" name="testCases.Employee_TestCase" time="3.348" errors="0" timestamp="2023-07-15T19:40:08 IST" skipped="0">
  <testcase classname="testCases.Employee_TestCase" name="employee" time="3.348"/>
  <system-out/>
</testsuite> <!-- testCases.Employee_TestCase -->
