<?xml version="1.0" encoding="UTF-8"?>
<!-- Generated by org.testng.reporters.JUnitReportReporter -->
<testsuite hostname="kishore-PC" failures="0" tests="1" name="testCases.SearchEmployee_TestCase" time="1.522" errors="0" timestamp="2023-07-21T20:20:02 IST" skipped="0">
  <testcase classname="testCases.SearchEmployee_TestCase" name="Search" time="1.522"/>
  <system-out/>
</testsuite> <!-- testCases.SearchEmployee_TestCase -->
