<?xml version="1.0" encoding="UTF-8"?>
<!-- Generated by org.testng.reporters.JUnitReportReporter -->
<testsuite hostname="kishore-PC" failures="0" tests="1" name="testCases.LogIn_TestCase" time="0.711" errors="0" timestamp="2023-07-21T20:20:02 IST" skipped="0">
  <testcase classname="testCases.LogIn_TestCase" name="login_Test" time="0.711"/>
  <system-out/>
</testsuite> <!-- testCases.LogIn_TestCase -->
